<?xml version="1.0" encoding="UTF-8"?>
<robot generator="Robot 7.1 (Python 3.8.8 on win32)" generated="2024-09-25T11:28:26.595257" rpa="false" schemaversion="5">
<suite id="s1" name="TC01" source="C:\Users\nexle-user\PycharmProjects\pythonProject8\DAY01\TC01.robot">
<test id="s1-t1" name="TC01Test" line="12">
<kw name="Open Browser" owner="SeleniumLibrary">
<msg time="2024-09-25T11:28:26.953529" level="INFO">Opening browser 'chrome' to base url 'https://beahub-web-v1006.devcaprover.nexlesoft.com/'.</msg>
<arg>${url}</arg>
<arg>${browserName}</arg>
<doc>Opens a new browser instance to the optional ``url``.</doc>
<status status="PASS" start="2024-09-25T11:28:26.953529" elapsed="6.248370"/>
</kw>
<kw name="Maximize Browser Window" owner="SeleniumLibrary">
<doc>Maximizes current browser window.</doc>
<status status="PASS" start="2024-09-25T11:28:33.202899" elapsed="0.078955"/>
</kw>
<kw name="Input Text" owner="SeleniumLibrary">
<msg time="2024-09-25T11:28:33.284852" level="INFO">Typing text 'merchantowner' into text field 'id:horizontal_login_username'.</msg>
<arg>id:horizontal_login_username</arg>
<arg>${username}</arg>
<doc>Types the given ``text`` into the text field identified by ``locator``.</doc>
<status status="PASS" start="2024-09-25T11:28:33.282853" elapsed="0.398781"/>
</kw>
<kw name="Sleep" owner="BuiltIn">
<msg time="2024-09-25T11:28:35.687033" level="INFO">Slept 2 seconds.</msg>
<arg>2</arg>
<doc>Pauses the test executed for the given time.</doc>
<status status="PASS" start="2024-09-25T11:28:33.682634" elapsed="2.004399"/>
</kw>
<kw name="Input Text" owner="SeleniumLibrary">
<msg time="2024-09-25T11:28:35.688033" level="INFO">Typing text '12345678' into text field 'id:horizontal_login_password'.</msg>
<arg>id:horizontal_login_password</arg>
<arg>${password}</arg>
<doc>Types the given ``text`` into the text field identified by ``locator``.</doc>
<status status="PASS" start="2024-09-25T11:28:35.688033" elapsed="0.257859"/>
</kw>
<kw name="Sleep" owner="BuiltIn">
<msg time="2024-09-25T11:28:37.953951" level="INFO">Slept 2 seconds.</msg>
<arg>2</arg>
<doc>Pauses the test executed for the given time.</doc>
<status status="PASS" start="2024-09-25T11:28:35.946890" elapsed="2.007061"/>
</kw>
<kw name="Click Button" owner="SeleniumLibrary">
<msg time="2024-09-25T11:28:37.955930" level="INFO">Clicking button '//button[@type='submit']'.</msg>
<arg>//button[@type='submit']</arg>
<doc>Clicks the button identified by ``locator``.</doc>
<status status="PASS" start="2024-09-25T11:28:37.954931" elapsed="0.126767"/>
</kw>
<kw name="Sleep" owner="BuiltIn">
<msg time="2024-09-25T11:28:43.093343" level="INFO">Slept 5 seconds.</msg>
<arg>5</arg>
<doc>Pauses the test executed for the given time.</doc>
<status status="PASS" start="2024-09-25T11:28:38.082698" elapsed="5.010645"/>
</kw>
<kw name="Wait Until Page Contains" owner="SeleniumLibrary">
<arg>Dashboard</arg>
<arg>timeout=10s</arg>
<doc>Waits until ``text`` appears on the current page.</doc>
<status status="PASS" start="2024-09-25T11:28:43.095341" elapsed="0.042977"/>
</kw>
<kw name="Page Should Contain" owner="SeleniumLibrary">
<msg time="2024-09-25T11:28:43.182293" level="INFO">Current page contains text 'Dashboard'.</msg>
<arg>Dashboard</arg>
<doc>Verifies that current page contains ``text``.</doc>
<status status="PASS" start="2024-09-25T11:28:43.139320" elapsed="0.042973"/>
</kw>
<kw name="Close Browser" owner="SeleniumLibrary" type="TEARDOWN">
<doc>Closes the current browser.</doc>
<status status="PASS" start="2024-09-25T11:28:43.183292" elapsed="2.455371"/>
</kw>
<status status="PASS" start="2024-09-25T11:28:26.951531" elapsed="18.687685"/>
</test>
<doc>Simple example using SeleniumLibrary.</doc>
<status status="PASS" start="2024-09-25T11:28:26.598239" elapsed="19.044602"/>
</suite>
<statistics>
<total>
<stat pass="1" fail="0" skip="0">All Tests</stat>
</total>
<tag>
</tag>
<suite>
<stat pass="1" fail="0" skip="0" id="s1" name="TC01">TC01</stat>
</suite>
</statistics>
<errors>
</errors>
</robot>
